<?xml version="1.0" encoding="UTF-8" ?>
<testsuite errors="0" failures="4" hostname="knapdale.inf.ed.ac.uk" name="uk.ac.ed.inf.sdp2012.group7.VisionTesting.VisionTest" tests="4" time="0.064" timestamp="2012-02-02T15:40:26">
  <properties>
    <property name="java.vendor" value="Sun Microsystems Inc." />
    <property name="env.SESSION_MANAGER" value="local/unix:@/tmp/.ICE-unix/17732,unix/unix:/tmp/.ICE-unix/17732" />
    <property name="env.LESSOPEN" value="|/usr/bin/lesspipe.sh %s" />
    <property name="env. new_PATH" value="`$pathfix_binary $@`;" />
    <property name="sun.java.launcher" value="SUN_STANDARD" />
    <property name="env.BASH" value="/bin/sh" />
    <property name="env.LOADEDMODULES" value="" />
    <property name="env.QT_IM_MODULE" value="xim" />
    <property name="sun.management.compiler" value="HotSpot 64-Bit Server Compiler" />
    <property name="env.PROMPT_COMMAND" value="echo -en &quot;\e]2;$USER @ $SHORT_HOSTNAME:$PWD\a\e]1;$SHORT_HOSTNAME\a&quot;" />
    <property name="os.name" value="Linux" />
    <property name="sun.boot.class.path" value="/usr/lib/jvm/java-1.6.0-openjdk-1.6.0.0.x86_64/jre/lib/resources.jar:/usr/lib/jvm/java-1.6.0-openjdk-1.6.0.0.x86_64/jre/lib/rt.jar:/usr/lib/jvm/java-1.6.0-openjdk-1.6.0.0.x86_64/jre/lib/sunrsasign.jar:/usr/lib/jvm/java-1.6.0-openjdk-1.6.0.0.x86_64/jre/lib/jsse.jar:/usr/lib/jvm/java-1.6.0-openjdk-1.6.0.0.x86_64/jre/lib/jce.jar:/usr/lib/jvm/java-1.6.0-openjdk-1.6.0.0.x86_64/jre/lib/charsets.jar:/usr/lib/jvm/java-1.6.0-openjdk-1.6.0.0.x86_64/jre/lib/netx.jar:/usr/lib/jvm/java-1.6.0-openjdk-1.6.0.0.x86_64/jre/lib/plugin.jar:/usr/lib/jvm/java-1.6.0-openjdk-1.6.0.0.x86_64/jre/lib/rhino.jar:/usr/lib/jvm/java-1.6.0-openjdk-1.6.0.0.x86_64/jre/lib/modules/jdk.boot.jar:/usr/lib/jvm/java-1.6.0-openjdk-1.6.0.0.x86_64/jre/classes" />
    <property name="env.PWD" value="/afs/inf.ed.ac.uk/user/s09/s0943263/workspace/PC" />
    <property name="env.XDG_SESSION_COOKIE" value="eb8ce103bbcd434abc80bf5c00000012-1328194626.742367-1806666157" />
    <property name="sun.desktop" value="gnome" />
    <property name="env.LANG" value="en_GB.UTF-8" />
    <property name="java.vm.specification.vendor" value="Sun Microsystems Inc." />
    <property name="ant.home" value="/usr/share/ant" />
    <property name="java.runtime.version" value="1.6.0_20-b20" />
    <property name="env.XPRINTER" value="xp_ps_spooldir_tmp_Xprintjobs" />
    <property name="env.GTK_IM_MODULE" value="gtk-im-context-simple" />
    <property name="env.SHORT_HOSTNAME" value="knapdale" />
    <property name="env.DISPLAY" value=":0.0" />
    <property name="env.MAPPATH" value="/etc/amd:/etc" />
    <property name="user.name" value="s0943263" />
    <property name="env.colloq" value="() {  more /usr/local/alert/misc/coll
}" />
    <property name="env.USER" value="s0943263" />
    <property name="env.SHELL" value="/bin/bash" />
    <property name="env.QTLIB" value="/usr/lib64/qt-3.3/lib" />
    <property name="env.DESKTOP_SESSION" value="default" />
    <property name="env.NLSPATH" value="/usr/dt/lib/nls/msg/%L/%N.cat" />
    <property name="env.PATH" value="/usr/lib64/qt-3.3/bin:/usr/local/bin/:/usr/games:/usr/local/sbin:/usr/bin:/bin:/opt/sicstus-4.0.1/bin:/group/teaching/sdp/sdp7/lejos/lejos_nxj/bin" />
    <property name="user.language" value="en" />
    <property name="env.MODULEPATH" value="/usr/share/Modules/modulefiles:/etc/modulefiles" />
    <property name="env.IMSETTINGS_MODULE" value="none" />
    <property name="sun.boot.library.path" value="/usr/lib/jvm/java-1.6.0-openjdk-1.6.0.0.x86_64/jre/lib/amd64" />
    <property name="ant.project.name" value="PC" />
    <property name="java.version" value="1.6.0_20" />
    <property name="user.timezone" value="" />
    <property name="env.DBUS_SESSION_BUS_ADDRESS" value="unix:abstract=/tmp/dbus-C88f2dzSOF,guid=533a706b56287ee7af016f9700037283" />
    <property name="sun.arch.data.model" value="64" />
    <property name="env.SSH_AGENT_PID" value="17873" />
    <property name="java.endorsed.dirs" value="/usr/lib/jvm/java-1.6.0-openjdk-1.6.0.0.x86_64/jre/lib/endorsed" />
    <property name="sun.cpu.isalist" value="" />
    <property name="env. [ &quot;$new_PATH&quot; ] &amp;&amp; PATH" value="&quot;$new_PATH&quot;;
 export PATH
}" />
    <property name="sun.jnu.encoding" value="UTF-8" />
    <property name="file.encoding.pkg" value="sun.io" />
    <property name="env.SHLVL" value="2" />
    <property name="ECLIPSE_HOME" value="/usr/lib64/eclipse" />
    <property name="file.separator" value="/" />
    <property name="java.specification.name" value="Java Platform API Specification" />
    <property name="env.IMSETTINGS_INTEGRATE_DESKTOP" value="yes" />
    <property name="env.QTDIR" value="/usr/lib64/qt-3.3" />
    <property name="env.gnu" value="() {  command gnu -u $LOGNAME $*
}" />
    <property name="env.GNOME_DESKTOP_SESSION_ID" value="this-is-deprecated" />
    <property name="java.class.version" value="50.0" />
    <property name="user.country" value="GB" />
    <property name="env.GNOME_KEYRING_PID" value="17730" />
    <property name="java.home" value="/usr/lib/jvm/java-1.6.0-openjdk-1.6.0.0.x86_64/jre" />
    <property name="java.vm.info" value="mixed mode" />
    <property name="env.KRB5CCNAME" value="FILE:/tmp/krb5cc_496716_g2rU0L" />
    <property name="env.LOGNAME" value="s0943263" />
    <property name="ant.file" value="/afs/inf.ed.ac.uk/user/s09/s0943263/workspace/PC/build.xml" />
    <property name="os.version" value="2.6.32-131.21.1.el6.x86_64" />
    <property name="env.NXJ_HOME" value="/group/teaching/sdp/sdp7/lejos/lejos_nxj" />
    <property name="env.ROLES" value="module-comn
module-iaml
module-sdp
module-os
module-ip
module-lsi
degree-cs
year-ug3
module-car
module-ct
module-dbs
module-nat
module-pi
old-degree-csp sdp7" />
    <property name="env.G_BROKEN_FILENAMES" value="1" />
    <property name="path.separator" value=":" />
    <property name="java.vm.version" value="19.0-b09" />
    <property name="env.QTINC" value="/usr/lib64/qt-3.3/include" />
    <property name="ant.library.dir" value="/usr/share/ant/lib" />
    <property name="env.DM_CONTROL" value="/var/run/xdmctl" />
    <property name="env.NNTPSERVER" value="newsread.ed.ac.uk" />
    <property name="junit.output.dir" value="junit" />
    <property name="env. pathfix_binary" value="/usr/local/bin/pathfix;
 fi;" />
    <property name="env.TERM" value="xterm" />
    <property name="java.awt.printerjob" value="sun.print.PSPrinterJob" />
    <property name="sun.io.unicode.encoding" value="UnicodeLittle" />
    <property name="env.WINDOWPATH" value="7" />
    <property name="env.XMODIFIERS" value="@im=none" />
    <property name="env.ENVIRONMENT" value="fc5 " />
    <property name="user.home" value="/afs/inf.ed.ac.uk/user/s09/s0943263" />
    <property name="target" value="1.6" />
    <property name="java.specification.vendor" value="Sun Microsystems Inc." />
    <property name="env.setup" value="() {  source /usr/local/share/setup/setup.sh $*
}" />
    <property name="env.WINDOWID" value="65011715" />
    <property name="java.library.path" value="/usr/lib/jvm/java-1.6.0-openjdk-1.6.0.0.x86_64/jre/lib/amd64/server:/usr/lib/jvm/java-1.6.0-openjdk-1.6.0.0.x86_64/jre/lib/amd64:/usr/lib/jvm/java-1.6.0-openjdk-1.6.0.0.x86_64/jre/../lib/amd64::/group/teaching/sdp/sdp7/lejos/bluez/lib:/usr/java/packages/lib/amd64:/usr/lib64:/lib64:/lib:/usr/lib" />
    <property name="java.vendor.url" value="http://java.sun.com/" />
    <property name="java.vm.vendor" value="Sun Microsystems Inc." />
    <property name="java.runtime.name" value="OpenJDK Runtime Environment" />
    <property name="java.class.path" value="/afs/inf.ed.ac.uk/user/s09/s0943263/workspace/PC/bin:/group/teaching/sdp/sdp7/lejos/lejos_nxj/lib/pc/pccomm.jar:/group/teaching/sdp/sdp7/lejos/lejos_nxj/lib/pc/3rdparty/bluecove.jar:/group/teaching/sdp/sdp7/lejos/lejos_nxj/lib/pc/3rdparty/bluecove-gpl.jar:/group/teaching/sdp/sdp7/lib/v4l4j.jar:/usr/lib64/eclipse/dropins/jdt/plugins/org.junit_4.8.1.v4_8_1_v20100427-1100/junit.jar:/usr/lib64/eclipse/dropins/jdt/plugins/org.hamcrest.core_1.1.0.v20090501071000.jar:/usr/share/java/junit-3.8.2.jar:/usr/share/java/ant-launcher-1.7.1.jar:/usr/share/java/ant-1.7.1.jar:/usr/share/java/ant/ant-junit-1.7.1.jar" />
    <property name="ant.version" value="Apache Ant version 1.7.1 compiled on November 24 2010" />
    <property name="env.ORGANIZATION" value="School of Informatics, The University of Edinburgh" />
    <property name="env.CVS_RSH" value="ssh" />
    <property name="env.setpath" value="() {  if [ -f /usr/bin/pathfix ]; then" />
    <property name="env.XFILESEARCHPATH" value="/usr/dt/app-defaults/%L/Dt" />
    <property name="java.vm.specification.name" value="Java Virtual Machine Specification" />
    <property name="java.vm.specification.version" value="1.0" />
    <property name="env.MODULESHOME" value="/usr/share/Modules" />
    <property name="env.XDM_MANAGED" value="method=classic" />
    <property name="env.GTK_RC_FILES" value="/etc/gtk/gtkrc:/afs/inf.ed.ac.uk/user/s09/s0943263/.gtkrc-1.2-gnome2" />
    <property name="sun.cpu.endian" value="little" />
    <property name="sun.os.patch.level" value="unknown" />
    <property name="env.HOME" value="/afs/inf.ed.ac.uk/user/s09/s0943263" />
    <property name="debuglevel" value="source,lines,vars" />
    <property name="env.LD_LIBRARY_PATH" value="/usr/lib/jvm/java-1.6.0-openjdk-1.6.0.0.x86_64/jre/lib/amd64/server:/usr/lib/jvm/java-1.6.0-openjdk-1.6.0.0.x86_64/jre/lib/amd64:/usr/lib/jvm/java-1.6.0-openjdk-1.6.0.0.x86_64/jre/../lib/amd64::/group/teaching/sdp/sdp7/lejos/bluez/lib" />
    <property name="java.io.tmpdir" value="/tmp" />
    <property name="java.vendor.url.bug" value="http://java.sun.com/cgi-bin/bugreport.cgi" />
    <property name="env.SSH_AUTH_SOCK" value="/tmp/keyring-cUhyo7/socket.ssh" />
    <property name="env.KDEDIRS" value="/usr" />
    <property name="os.arch" value="amd64" />
    <property name="env.module" value="() {  eval `/usr/bin/modulecmd bash $*`
}" />
    <property name="java.awt.graphicsenv" value="sun.awt.X11GraphicsEnvironment" />
    <property name="env.ENV_ROOT" value="/usr/share/defenv/bash" />
    <property name="java.ext.dirs" value="/usr/lib/jvm/java-1.6.0-openjdk-1.6.0.0.x86_64/jre/lib/ext:/usr/java/packages/lib/ext" />
    <property name="env.XAUTHORITY" value="/var/run/kdm/.Xauthg4X4eT" />
    <property name="user.dir" value="/afs/inf.ed.ac.uk/user/s09/s0943263/workspace/PC" />
    <property name="env.SshAgent" value="/usr/bin/ssh-agent" />
    <property name="line.separator" value="
" />
    <property name="java.vm.name" value="OpenJDK 64-Bit Server VM" />
    <property name="env.ASPELL_CONF" value="master british" />
    <property name="env.COLORTERM" value="gnome-terminal" />
    <property name="env.EDITOR" value="/usr/bin/emacs" />
    <property name="basedir" value="/afs/inf.ed.ac.uk/user/s09/s0943263/workspace/PC" />
    <property name="ant.java.version" value="1.6" />
    <property name="env.ORBIT_SOCKETDIR" value="/tmp/orbit-s0943263" />
    <property name="ant.core.lib" value="/usr/share/java/ant-1.7.1.jar" />
    <property name="source" value="1.6" />
    <property name="file.encoding" value="UTF-8" />
    <property name="env.GNOME_KEYRING_SOCKET" value="/tmp/keyring-cUhyo7/socket" />
    <property name="ant.file.PC" value="/afs/inf.ed.ac.uk/user/s09/s0943263/workspace/PC/build.xml" />
    <property name="env.resize" value="() {  eval `command resize`
}" />
    <property name="env.KDE_IS_PRELINKED" value="1" />
    <property name="java.specification.version" value="1.6" />
    <property name="env.purge" value="() {  rm -f *~ .*~ \#*\# tmp*
}" />
    <property name="env.SSH_ASKPASS" value="/usr/libexec/openssh/gnome-ssh-askpass" />
  </properties>
  <testcase classname="uk.ac.ed.inf.sdp2012.group7.VisionTesting.VisionTest" name="testProcessAndUpdateImage" time="0.005">
    <failure message="Not yet implemented" type="junit.framework.AssertionFailedError">junit.framework.AssertionFailedError: Not yet implemented
	at uk.ac.ed.inf.sdp2012.group7.VisionTesting.VisionTest.testProcessAndUpdateImage(VisionTest.java:11)
</failure>
  </testcase>
  <testcase classname="uk.ac.ed.inf.sdp2012.group7.VisionTesting.VisionTest" name="testMarkObjects" time="0.001">
    <failure message="Not yet implemented" type="junit.framework.AssertionFailedError">junit.framework.AssertionFailedError: Not yet implemented
	at uk.ac.ed.inf.sdp2012.group7.VisionTesting.VisionTest.testMarkObjects(VisionTest.java:16)
</failure>
  </testcase>
  <testcase classname="uk.ac.ed.inf.sdp2012.group7.VisionTesting.VisionTest" name="test1" time="0.0">
    <failure message="Not yet implemented" type="junit.framework.AssertionFailedError">junit.framework.AssertionFailedError: Not yet implemented
	at uk.ac.ed.inf.sdp2012.group7.VisionTesting.VisionTest.test1(VisionTest.java:21)
</failure>
  </testcase>
  <testcase classname="uk.ac.ed.inf.sdp2012.group7.VisionTesting.VisionTest" name="test2" time="0.004">
    <failure message="Not yet implemented" type="junit.framework.AssertionFailedError">junit.framework.AssertionFailedError: Not yet implemented
	at uk.ac.ed.inf.sdp2012.group7.VisionTesting.VisionTest.test2(VisionTest.java:26)
</failure>
  </testcase>
  <system-out><![CDATA[]]></system-out>
  <system-err><![CDATA[]]></system-err>
</testsuite>
